2025-02-27T12:00:54.567+09:00 ERROR 3236 --- [sample] [main] o.s.boot.SpringApplication               : Application run failed

java.lang.IllegalStateException: java.lang.IllegalStateException: Logback configuration error detected: 
ERROR in ch.qos.logback.core.model.processor.conditional.IfModelHandler - Could not find Janino library on the class path. Skipping conditional processing.
ERROR in ch.qos.logback.core.model.processor.conditional.IfModelHandler - See also https://logback.qos.ch/codes.html#ifJanino
ERROR in ch.qos.logback.core.model.processor.conditional.ThenModelHandler - Unexpected empty model stack. Have you omitted the <if> part?
ERROR in ch.qos.logback.core.model.processor.conditional.IfModelHandler - Unexpected unexpected empty model stack.
	at org.springframework.boot.context.logging.LoggingApplicationListener.initializeSystem(LoggingApplicationListener.java:347)
	at org.springframework.boot.context.logging.LoggingApplicationListener.initialize(LoggingApplicationListener.java:298)
	at org.springframework.boot.context.logging.LoggingApplicationListener.onApplicationEnvironmentPreparedEvent(LoggingApplicationListener.java:246)
	at org.springframework.boot.context.logging.LoggingApplicationListener.onApplicationEvent(LoggingApplicationListener.java:223)
	at org.springframework.context.event.SimpleApplicationEventMulticaster.doInvokeListener(SimpleApplicationEventMulticaster.java:185)
	at org.springframework.context.event.SimpleApplicationEventMulticaster.invokeListener(SimpleApplicationEventMulticaster.java:178)
	at org.springframework.context.event.SimpleApplicationEventMulticaster.multicastEvent(SimpleApplicationEventMulticaster.java:156)
	at org.springframework.context.event.SimpleApplicationEventMulticaster.multicastEvent(SimpleApplicationEventMulticaster.java:138)
	at org.springframework.boot.context.event.EventPublishingRunListener.multicastInitialEvent(EventPublishingRunListener.java:136)
	at org.springframework.boot.context.event.EventPublishingRunListener.environmentPrepared(EventPublishingRunListener.java:81)
	at org.springframework.boot.SpringApplicationRunListeners.lambda$environmentPrepared$2(SpringApplicationRunListeners.java:64)
	at java.base/java.lang.Iterable.forEach(Iterable.java:75)
	at org.springframework.boot.SpringApplicationRunListeners.doWithListeners(SpringApplicationRunListeners.java:118)
	at org.springframework.boot.SpringApplicationRunListeners.doWithListeners(SpringApplicationRunListeners.java:112)
	at org.springframework.boot.SpringApplicationRunListeners.environmentPrepared(SpringApplicationRunListeners.java:63)
	at org.springframework.boot.SpringApplication.prepareEnvironment(SpringApplication.java:353)
	at org.springframework.boot.SpringApplication.run(SpringApplication.java:313)
	at org.springframework.boot.SpringApplication.run(SpringApplication.java:1361)
	at org.springframework.boot.SpringApplication.run(SpringApplication.java:1350)
	at com.myprj.sample.SampleApplication.main(SampleApplication.java:10)
Caused by: java.lang.IllegalStateException: Logback configuration error detected: 
ERROR in ch.qos.logback.core.model.processor.conditional.IfModelHandler - Could not find Janino library on the class path. Skipping conditional processing.
ERROR in ch.qos.logback.core.model.processor.conditional.IfModelHandler - See also https://logback.qos.ch/codes.html#ifJanino
ERROR in ch.qos.logback.core.model.processor.conditional.ThenModelHandler - Unexpected empty model stack. Have you omitted the <if> part?
ERROR in ch.qos.logback.core.model.processor.conditional.IfModelHandler - Unexpected unexpected empty model stack.
	at org.springframework.boot.logging.logback.LogbackLoggingSystem.reportConfigurationErrorsIfNecessary(LogbackLoggingSystem.java:291)
	at org.springframework.boot.logging.logback.LogbackLoggingSystem.loadConfiguration(LogbackLoggingSystem.java:269)
	at org.springframework.boot.logging.AbstractLoggingSystem.initializeWithConventions(AbstractLoggingSystem.java:81)
	at org.springframework.boot.logging.AbstractLoggingSystem.initialize(AbstractLoggingSystem.java:61)
	at org.springframework.boot.logging.logback.LogbackLoggingSystem.initialize(LogbackLoggingSystem.java:197)
	at org.springframework.boot.context.logging.LoggingApplicationListener.initializeSystem(LoggingApplicationListener.java:332)
	... 19 common frames omitted

2025-02-27T12:05:57.615+09:00 ERROR 38644 --- [sample] [main] o.s.boot.SpringApplication               : Application run failed

java.lang.IllegalStateException: java.lang.IllegalStateException: Logback configuration error detected: 
ERROR in ch.qos.logback.core.model.processor.conditional.IfModelHandler - Could not find Janino library on the class path. Skipping conditional processing.
ERROR in ch.qos.logback.core.model.processor.conditional.IfModelHandler - See also https://logback.qos.ch/codes.html#ifJanino
ERROR in ch.qos.logback.core.model.processor.conditional.ThenModelHandler - Unexpected empty model stack. Have you omitted the <if> part?
ERROR in ch.qos.logback.core.model.processor.conditional.IfModelHandler - Unexpected unexpected empty model stack.
	at org.springframework.boot.context.logging.LoggingApplicationListener.initializeSystem(LoggingApplicationListener.java:347)
	at org.springframework.boot.context.logging.LoggingApplicationListener.initialize(LoggingApplicationListener.java:298)
	at org.springframework.boot.context.logging.LoggingApplicationListener.onApplicationEnvironmentPreparedEvent(LoggingApplicationListener.java:246)
	at org.springframework.boot.context.logging.LoggingApplicationListener.onApplicationEvent(LoggingApplicationListener.java:223)
	at org.springframework.context.event.SimpleApplicationEventMulticaster.doInvokeListener(SimpleApplicationEventMulticaster.java:185)
	at org.springframework.context.event.SimpleApplicationEventMulticaster.invokeListener(SimpleApplicationEventMulticaster.java:178)
	at org.springframework.context.event.SimpleApplicationEventMulticaster.multicastEvent(SimpleApplicationEventMulticaster.java:156)
	at org.springframework.context.event.SimpleApplicationEventMulticaster.multicastEvent(SimpleApplicationEventMulticaster.java:138)
	at org.springframework.boot.context.event.EventPublishingRunListener.multicastInitialEvent(EventPublishingRunListener.java:136)
	at org.springframework.boot.context.event.EventPublishingRunListener.environmentPrepared(EventPublishingRunListener.java:81)
	at org.springframework.boot.SpringApplicationRunListeners.lambda$environmentPrepared$2(SpringApplicationRunListeners.java:64)
	at java.base/java.lang.Iterable.forEach(Iterable.java:75)
	at org.springframework.boot.SpringApplicationRunListeners.doWithListeners(SpringApplicationRunListeners.java:118)
	at org.springframework.boot.SpringApplicationRunListeners.doWithListeners(SpringApplicationRunListeners.java:112)
	at org.springframework.boot.SpringApplicationRunListeners.environmentPrepared(SpringApplicationRunListeners.java:63)
	at org.springframework.boot.SpringApplication.prepareEnvironment(SpringApplication.java:353)
	at org.springframework.boot.SpringApplication.run(SpringApplication.java:313)
	at org.springframework.boot.SpringApplication.run(SpringApplication.java:1361)
	at org.springframework.boot.SpringApplication.run(SpringApplication.java:1350)
	at com.myprj.sample.SampleApplication.main(SampleApplication.java:10)
Caused by: java.lang.IllegalStateException: Logback configuration error detected: 
ERROR in ch.qos.logback.core.model.processor.conditional.IfModelHandler - Could not find Janino library on the class path. Skipping conditional processing.
ERROR in ch.qos.logback.core.model.processor.conditional.IfModelHandler - See also https://logback.qos.ch/codes.html#ifJanino
ERROR in ch.qos.logback.core.model.processor.conditional.ThenModelHandler - Unexpected empty model stack. Have you omitted the <if> part?
ERROR in ch.qos.logback.core.model.processor.conditional.IfModelHandler - Unexpected unexpected empty model stack.
	at org.springframework.boot.logging.logback.LogbackLoggingSystem.reportConfigurationErrorsIfNecessary(LogbackLoggingSystem.java:291)
	at org.springframework.boot.logging.logback.LogbackLoggingSystem.loadConfiguration(LogbackLoggingSystem.java:269)
	at org.springframework.boot.logging.AbstractLoggingSystem.initializeWithConventions(AbstractLoggingSystem.java:81)
	at org.springframework.boot.logging.AbstractLoggingSystem.initialize(AbstractLoggingSystem.java:61)
	at org.springframework.boot.logging.logback.LogbackLoggingSystem.initialize(LogbackLoggingSystem.java:197)
	at org.springframework.boot.context.logging.LoggingApplicationListener.initializeSystem(LoggingApplicationListener.java:332)
	... 19 common frames omitted

2025-02-27T13:24:37.422+09:00  INFO 3724 --- [sample] [main] com.myprj.sample.SampleApplication       : Starting SampleApplication using Java 21.0.2 with PID 3724 (D:\myProject\sample\build\classes\java\main started by khhwork in D:\myProject\sample)
2025-02-27T13:24:37.423+09:00 DEBUG 3724 --- [sample] [main] com.myprj.sample.SampleApplication       : Running with Spring Boot v3.4.3, Spring v6.2.3
2025-02-27T13:24:37.424+09:00  INFO 3724 --- [sample] [main] com.myprj.sample.SampleApplication       : The following 1 profile is active: "local"
2025-02-27T13:24:38.236+09:00  WARN 3724 --- [sample] [main] o.m.s.mapper.ClassPathMapperScanner      : No MyBatis mapper was found in '[com.myprj.sample]' package. Please check your configuration.
2025-02-27T13:24:38.726+09:00  INFO 3724 --- [sample] [main] o.s.b.w.embedded.tomcat.TomcatWebServer  : Tomcat initialized with port 8080 (http)
2025-02-27T13:24:38.738+09:00  INFO 3724 --- [sample] [main] o.apache.catalina.core.StandardService   : Starting service [Tomcat]
2025-02-27T13:24:38.738+09:00  INFO 3724 --- [sample] [main] o.apache.catalina.core.StandardEngine    : Starting Servlet engine: [Apache Tomcat/10.1.36]
2025-02-27T13:24:38.803+09:00  INFO 3724 --- [sample] [main] o.a.c.c.C.[Tomcat].[localhost].[/]       : Initializing Spring embedded WebApplicationContext
2025-02-27T13:24:38.803+09:00  INFO 3724 --- [sample] [main] w.s.c.ServletWebServerApplicationContext : Root WebApplicationContext: initialization completed in 1314 ms
2025-02-27T13:24:39.341+09:00  INFO 3724 --- [sample] [main] com.zaxxer.hikari.HikariDataSource       : HikariPool-1 - Starting...
2025-02-27T13:24:39.681+09:00  INFO 3724 --- [sample] [main] com.zaxxer.hikari.pool.HikariPool        : HikariPool-1 - Added connection conn0: url=jdbc:h2:mem:hellojpa user=SA
2025-02-27T13:24:39.684+09:00  INFO 3724 --- [sample] [main] com.zaxxer.hikari.HikariDataSource       : HikariPool-1 - Start completed.
2025-02-27T13:24:39.695+09:00  INFO 3724 --- [sample] [main] o.s.b.a.h2.H2ConsoleAutoConfiguration    : H2 console available at '/h2-console'. Database available at 'jdbc:h2:mem:hellojpa'
2025-02-27T13:24:39.814+09:00  INFO 3724 --- [sample] [main] o.s.b.w.embedded.tomcat.TomcatWebServer  : Tomcat started on port 8080 (http) with context path '/'
2025-02-27T13:24:39.822+09:00  INFO 3724 --- [sample] [main] com.myprj.sample.SampleApplication       : Started SampleApplication in 3.125 seconds (process running for 3.584)
